<?xml version="1.0" encoding="UTF-8"?>
<testng-results skipped="0" failed="1" total="3" passed="2">
  <reporter-output>
  </reporter-output>
  <suite name="Menu Page Verification" duration-ms="618002" started-at="2017-05-16T09:30:29Z" finished-at="2017-05-16T09:40:47Z">
    <groups>
    </groups>
    <test name="Page Open" duration-ms="8391" started-at="2017-05-16T09:30:29Z" finished-at="2017-05-16T09:30:37Z">
      <class name="TestScripts.jibe_general_Open">
        <test-method status="PASS" signature="main()[pri:0, instance:TestScripts.jibe_general_Open@553f17c]" name="main" duration-ms="8381" started-at="2017-05-16T15:00:29Z" finished-at="2017-05-16T15:00:37Z">
          <reporter-output>
          </reporter-output>
        </test-method> <!-- main -->
      </class> <!-- TestScripts.jibe_general_Open -->
    </test> <!-- Page Open -->
    <test name="Page Login" duration-ms="3299" started-at="2017-05-16T09:30:37Z" finished-at="2017-05-16T09:30:40Z">
      <class name="TestScripts.jibe_general_Login">
        <test-method status="PASS" signature="main()[pri:0, instance:TestScripts.jibe_general_Login@56ef9176]" name="main" duration-ms="3297" started-at="2017-05-16T15:00:37Z" finished-at="2017-05-16T15:00:40Z">
          <reporter-output>
          </reporter-output>
        </test-method> <!-- main -->
      </class> <!-- TestScripts.jibe_general_Login -->
    </test> <!-- Page Login -->
    <test name="Menu Testing" duration-ms="606259" started-at="2017-05-16T09:30:40Z" finished-at="2017-05-16T09:40:47Z">
      <class name="TestScripts.jibe_menu_testing">
        <test-method status="FAIL" signature="main()[pri:0, instance:TestScripts.jibe_menu_testing@5025a98f]" name="main" duration-ms="605499" started-at="2017-05-16T15:00:40Z" finished-at="2017-05-16T15:10:46Z">
          <exception class="java.lang.AssertionError">
            <full-stacktrace>
              <![CDATA[java.lang.AssertionError
	at org.junit.Assert.fail(Assert.java:86)
	at org.junit.Assert.fail(Assert.java:95)
	at TestScripts.jibe_menu_testing.main(jibe_menu_testing.java:75)
	at sun.reflect.NativeMethodAccessorImpl.invoke0(Native Method)
	at sun.reflect.NativeMethodAccessorImpl.invoke(Unknown Source)
	at sun.reflect.DelegatingMethodAccessorImpl.invoke(Unknown Source)
	at java.lang.reflect.Method.invoke(Unknown Source)
	at org.testng.internal.MethodInvocationHelper.invokeMethod(MethodInvocationHelper.java:85)
	at org.testng.internal.Invoker.invokeMethod(Invoker.java:639)
	at org.testng.internal.Invoker.invokeTestMethod(Invoker.java:816)
	at org.testng.internal.Invoker.invokeTestMethods(Invoker.java:1124)
	at org.testng.internal.TestMethodWorker.invokeTestMethods(TestMethodWorker.java:125)
	at org.testng.internal.TestMethodWorker.run(TestMethodWorker.java:108)
	at org.testng.TestRunner.privateRun(TestRunner.java:774)
	at org.testng.TestRunner.run(TestRunner.java:624)
	at org.testng.SuiteRunner.runTest(SuiteRunner.java:359)
	at org.testng.SuiteRunner.runSequentially(SuiteRunner.java:354)
	at org.testng.SuiteRunner.privateRun(SuiteRunner.java:312)
	at org.testng.SuiteRunner.run(SuiteRunner.java:261)
	at org.testng.SuiteRunnerWorker.runSuite(SuiteRunnerWorker.java:52)
	at org.testng.SuiteRunnerWorker.run(SuiteRunnerWorker.java:86)
	at org.testng.TestNG.runSuitesSequentially(TestNG.java:1215)
	at org.testng.TestNG.runSuitesLocally(TestNG.java:1140)
	at org.testng.TestNG.run(TestNG.java:1048)
	at org.testng.remote.AbstractRemoteTestNG.run(AbstractRemoteTestNG.java:132)
	at org.testng.remote.RemoteTestNG.initAndRun(RemoteTestNG.java:230)
	at org.testng.remote.RemoteTestNG.main(RemoteTestNG.java:76)
]]>
            </full-stacktrace>
          </exception> <!-- java.lang.AssertionError -->
          <reporter-output>
          </reporter-output>
        </test-method> <!-- main -->
        <test-method status="PASS" signature="tearDown()[pri:0, instance:TestScripts.jibe_menu_testing@5025a98f]" name="tearDown" is-config="true" duration-ms="753" started-at="2017-05-16T15:10:46Z" finished-at="2017-05-16T15:10:47Z">
          <reporter-output>
          </reporter-output>
        </test-method> <!-- tearDown -->
      </class> <!-- TestScripts.jibe_menu_testing -->
    </test> <!-- Menu Testing -->
  </suite> <!-- Menu Page Verification -->
</testng-results>
